<?xml version="1.0" encoding="UTF-8"?>
<!-- Generated by org.testng.reporters.JUnitReportReporter -->
<testsuite hostname="Design" name="Testcases.TestcaseSalariedWithoutCoapplicant" tests="1" failures="0" timestamp="23 Nov 2017 14:20:22 GMT" time="22.989" errors="0">
  <testcase name="init" time="22.989" classname="Testcases.TestcaseSalariedWithoutCoapplicant"/>
</testsuite> <!-- Testcases.TestcaseSalariedWithoutCoapplicant -->
