<?xml version="1.0" encoding="UTF-8"?>
<!-- Generated by org.testng.reporters.JUnitReportReporter -->
<testsuite hostname="Design" name="Testcases.TestcaseSalariedForLiveTest2" tests="1" failures="0" timestamp="21 Nov 2017 14:13:38 GMT" time="33.326" errors="0">
  <testcase name="salariedHomeNotIdentified" time="33.326" classname="Testcases.TestcaseSalariedForLiveTest2"/>
</testsuite> <!-- Testcases.TestcaseSalariedForLiveTest2 -->
