<?xml version="1.0" encoding="UTF-8"?>
<!-- Generated by org.testng.reporters.JUnitReportReporter -->
<testsuite hostname="Design" name="Testcases.Test1" tests="1" failures="0" timestamp="14 Nov 2017 14:10:22 GMT" time="231.117" errors="0">
  <testcase name="init" time="231.117" classname="Testcases.Test1"/>
</testsuite> <!-- Testcases.Test1 -->
