<?xml version="1.0" encoding="UTF-8"?>
<!-- Generated by org.testng.reporters.JUnitReportReporter -->
<testsuite hostname="Design" name="Testcases.TestcaseSalariedwithCoapplicant" tests="1" failures="0" timestamp="23 Nov 2017 14:20:22 GMT" time="31.262" errors="0">
  <testcase name="init" time="31.262" classname="Testcases.TestcaseSalariedwithCoapplicant"/>
</testsuite> <!-- Testcases.TestcaseSalariedwithCoapplicant -->
