<?xml version="1.0" encoding="UTF-8"?>
<!-- Generated by org.testng.reporters.JUnitReportReporter -->
<testsuite hostname="Design" name="Testcases.TestcaseSelfEmployedBusiness" tests="1" failures="0" timestamp="30 Nov 2017 12:47:58 GMT" time="70.122" errors="0">
  <testcase name="init" time="70.122" classname="Testcases.TestcaseSelfEmployedBusiness"/>
</testsuite> <!-- Testcases.TestcaseSelfEmployedBusiness -->
