<?xml version="1.0" encoding="UTF-8"?>
<!-- Generated by org.testng.reporters.JUnitReportReporter -->
<testsuite hostname="Design" name="TestcasesList.Test1" tests="1" failures="0" timestamp="14 Nov 2017 11:57:44 GMT" time="44.111" errors="0">
  <testcase name="init" time="44.111" classname="TestcasesList.Test1"/>
</testsuite> <!-- TestcasesList.Test1 -->
