<?xml version="1.0" encoding="UTF-8"?>
<!-- Generated by org.testng.reporters.JUnitReportReporter -->
<testsuite hostname="Design" name="Testcases.TestcaseSelfEmployedBusiness" tests="1" failures="0" timestamp="23 Nov 2017 14:43:52 GMT" time="20.145" errors="0">
  <testcase name="init" time="20.145" classname="Testcases.TestcaseSelfEmployedBusiness"/>
</testsuite> <!-- Testcases.TestcaseSelfEmployedBusiness -->
