<?xml version="1.0" encoding="UTF-8"?>
<!-- Generated by org.testng.reporters.JUnitReportReporter -->
<testsuite hostname="Design" name="Testcases.TestcaseSalariedExistingLoanTopupWithoutCoapplicant" tests="1" failures="0" timestamp="23 Nov 2017 14:43:52 GMT" time="20.391" errors="0">
  <testcase name="init" time="20.391" classname="Testcases.TestcaseSalariedExistingLoanTopupWithoutCoapplicant"/>
</testsuite> <!-- Testcases.TestcaseSalariedExistingLoanTopupWithoutCoapplicant -->
